########### array before sorts ###########
0	1.270000	97.790000	54.610000	97.790000	n
1	1.270000	97.790000	1.270000	19.050000	n
2	54.610000	97.790000	54.610000	19.050000	n
3	1.270000	19.050000	54.610000	19.050000	n
Tolerance=0.050000.
*Exact match for i=0 and j=2.
*i point 1.270000	97.790000	54.610000	97.790000	y
*Exact match for i=1 and j=3.
*i point 54.610000	97.790000	54.610000	19.050000	y
	*Before flip 	1.270000	19.050000	54.610000	19.050000	y
	*After flip 	54.610000	19.050000	1.270000	19.050000	y
*Exact match for i=2 and j=3.
*i point 54.610000	19.050000	1.270000	19.050000	y
	*Before flip 	1.270000	97.790000	1.270000	19.050000	y
	*After flip 	1.270000	19.050000	1.270000	97.790000	y
########### array after sorts ###########
0	1.270000	97.790000	54.610000	97.790000	y
1	54.610000	97.790000	54.610000	19.050000	y
2	54.610000	19.050000	1.270000	19.050000	y
3	1.270000	19.050000	1.270000	97.790000	y
***************
.BOARD_OUTLINE UNOWNED
1.6
0     1.270000     97.790000     0
0     54.610000     97.790000     0
0     54.610000     19.050000     0
0     1.270000     19.050000     0
0     1.270000     97.790000     0
